Version: 1.5 # minimal SMASH version to use with this config file

Logging:
    default: INFO

General:
    Modus:          Collider
    Time_Step_Mode: Fixed
    Delta_Time:     0.01
    End_Time:       100.0
    Randomseed:     851896
    Nevents:        100
    Gaussian_Sigma: 1.0
    Gauss_Cutoff_In_Sigma: 4.0
    Use_Grid: True

Output:
    Output_Interval: 10.0
    Density_Type: "baryon"
    Particles:
        Format:     ["Root"]
        Extended:   True
        Only_Final: True
#    Collisions:
#        Format:     ["Root"]
#        Extended:   True
#        Print_Start_End: True

Modi:
    Collider:
        Projectile:
            Particles: {2212: 79, 2112: 118} #Gold197
        Target:
            Particles: {2212: 79, 2112: 118} #Gold197
        Impact:
            Sample: "quadratic"
            Range:  [0.0, 18.0]    #[0.0, 14.0] 

        Sqrtsnn: 7.7
        Fermi_Motion: "on"	#frozen / on ? then delta_time 0.01 for Snn=5

Potentials:
    Skyrme:
        Skyrme_A: -209.2
        Skyrme_B: 156.4
        Skyrme_Tau: 1.35
    Symmetry:
        S_Pot: 18.0
#default
#           a [MeV]   b [MeV]     t    S_pot [MeV]
#
#default    -209.2    156.4     1.35    18
#
#soft       -356.0    303.0     1.17    18
#
#hard       -124.0    71.0      2.0     18
input_line_8:1:2911: error: redefinition of 'MixMaxEngine' as different kind of symbol
/cvmfs/it.gsi.de/root/v6-06-06/include/root/Math/MixMaxEngine.h:55:13: note: previous definition is here
      class MixMaxEngine : public TRandomEngine {
            ^
input_line_8:1:3377: error: too many template parameters in template redeclaration
/cvmfs/it.gsi.de/root/v6-06-06/include/root/Fit/BasicFCN.h:42:1: note: previous template declaration is here
template<class FunType, class DataType>
^~~~~~~~~~~~~~~~~~~~~~~~~~~~~~~~~~~~~~~
input_line_8:1:3555: error: too many template parameters in template redeclaration
/cvmfs/it.gsi.de/root/v6-06-06/include/root/Fit/Chi2FCN.h:65:1: note: previous template declaration is here
template<class FunType>
^~~~~~~~~~~~~~~~~~~~~~~
input_line_8:1:3662: error: too many template parameters in template redeclaration
/cvmfs/it.gsi.de/root/v6-06-06/include/root/Fit/LogLikelihoodFCN.h:54:1: note: previous template declaration is here
template<class FunType>
^~~~~~~~~~~~~~~~~~~~~~~
input_line_8:1:3778: error: too many template parameters in template redeclaration
/cvmfs/it.gsi.de/root/v6-06-06/include/root/Fit/PoissonLikelihoodFCN.h:55:1: note: previous template declaration is here
template<class FunType>
^~~~~~~~~~~~~~~~~~~~~~~
Warning in <TInterpreter::LoadLibraryMap>: Problems in (null) declaring 'namespace std {  }namespace ROOT { namespace Math {  } }namespace ROOT { namespace Math { template <typename T, unsigned int, unsigned int> class MatRepStd; } }namespace ROOT { namespace Math { template <typename T, unsigned int> class MatRepSym; } }namespace ROOT { namespace Math { template <typename T, unsigned int> class SVector; } }namespace ROOT { namespace Math { template <typename T, unsigned int, unsigned int, typename R> class SMatrix; } }template <typename Element> class TMatrixTBase;template <typename Element> class TVectorT;template <typename Element> class TMatrixT;template <typename Element> class TMatrixTSym;template <typename Element> class TMatrixTSparse;template <typename Element> class TMatrixTRow_const;template <typename Element> class TMatrixTRow;template <typename Element> class TMatrixTColumn_const;template <typename Element> class TMatrixTColumn;template <typename Element> class TMatrixTDiag_const;template <typename Element> class TMatrixTDiag;template <typename Element> class TMatrixTFlat_const;template <typename Element> class TMatrixTFlat;template <typename Element> class TMatrixTSub_const;template <typename Element> class TMatrixTSub;template <typename Element> class TMatrixTSparseRow_const;template <typename Element> class TMatrixTSparseRow;template <typename Element> class TMatrixTSparseDiag_const;template <typename Element> class TMatrixTSparseDiag;template <typename Element> class TMatrixTLazy;template <typename Element> class TMatrixTSymLazy;template <typename Element> class THaarMatrixT;template <typename Element> class THilbertMatrixT;template <typename Element> class THilbertMatrixTSym;namespace TMVA {  }namespace TMVA { namespace kNN {  } }namespace TMVA { namespace Experimental {  } }namespace ROOT { namespace Math { namespace IntegrationOneDim {  } } }namespace __gnu_cxx {  }namespace __gnu_cxx { template <typename _Iterator, typename _Container> class __normal_iterator; }template <typename Index, typename Value> class TKDTree;namespace ROOT { namespace Math { template <typename T> class IBaseFunctionMultiDimTempl; } }namespace ROOT { namespace Math { template <typename T> class IGradientFunctionMultiDimTempl; } }namespace ROOT { namespace Math { template <typename T> class IGradientMultiDimTempl; } }namespace ROOT { namespace Math { template <typename T> class IParametricFunctionMultiDimTempl; } }namespace ROOT { namespace Math { template <typename T> class IParametricGradFunctionMultiDimTempl; } }namespace ROOT { namespace Math { template <typename T> class ParamFunctorTempl; } }namespace ROOT { namespace Math { template <typename FunctionType> class BasicFitMethodFunction; } }namespace ROOT { namespace Math { template <unsigned int, typename _val_type> class TDataPoint; } }namespace ROOT { namespace Math { template <typename _val_type> class TDataPointN; } }namespace ROOT { namespace Math { template <int, int> class MixMaxEngine; } }namespace ROOT { namespace Math { class MersenneTwisterEngine; } }namespace ROOT { namespace Math { template <typename Engine> class Random; } }namespace ROOT { namespace Math { class LCGEngine; } }template <typename Engine> class TRandomGen;namespace ROOT { namespace Math { template <typename Generator> class StdEngine; } }namespace ROOT { namespace Fit {  } }namespace ROOT { namespace Fit { class UnBinData; } }namespace ROOT { namespace Fit { template <typename DerivFunType, typename ModelFunType, typename DataType> class BasicFCN; } }namespace ROOT { namespace Fit { class BinData; } }namespace ROOT { namespace Fit { template <typename DerivFunType, typename ModelFunType> class Chi2FCN; } }namespace ROOT { namespace Fit { template <typename DerivFunType, typename ModelFunType> class LogLikelihoodFCN; } }namespace ROOT { namespace Fit { template <typename DerivFunType, typename ModelFunType> class PoissonLikelihoodFCN; } }namespace ROOT { namespace Math { template <typename T> class Cartesian2D; } }namespace ROOT { namespace Math { template <typename T> class Polar2D; } }namespace ROOT { namespace Math { template <typename T> class Cartesian3D; } }namespace ROOT { namespace Math { template <typename T> class CylindricalEta3D; } }namespace ROOT { namespace Math { template <typename T> class Polar3D; } }namespace ROOT { namespace Math { template <typename T> class Cylindrical3D; } }namespace ROOT { namespace Math { class GlobalCoordinateSystemTag; } }namespace ROOT { namespace Math { template <typename CoordSystem, typename Tag> class DisplacementVector3D; } }namespace ROOT { namespace Math { class LocalCoordinateSystemTag; } }namespace ROOT { namespace Math { class DefaultCoordinateSystemTag; } }namespace ROOT { namespace Math { template <typename CoordSystem, typename Tag> class PositionVector3D; } }namespace ROOT { namespace Math { template <typename T> class PxPyPzE4D; } }namespace ROOT { namespace Math { template <typename T> class PxPyPzM4D; } }namespace ROOT { namespace Math { template <typename T> class PtEtaPhiE4D; } }namespace ROOT { namespace Math { template <typename T> class PtEtaPhiM4D; } }template <typename T> class _root_std_complex;namespace PyROOT {  }class TEveProjection;template <typename TT> class TEveVectorT;template <typename TT> class TEveVector4T;template <typename TT> class TEveVector2T;template <typename TT> class TEvePathMarkT;template <typename TT> class TEveRecTrackT;class TString;namespace ROOT {  }template <typename AParamType> class TParameter;namespace ROOT { namespace Detail {  } }namespace ROOT { namespace Math { template <unsigned int> class RowOffsets; } }namespace ROOT { namespace Internal {  } }namespace ROOT { namespace Internal { template <typename T> class TImpProxy; } }namespace ROOT { namespace Internal { template <typename T, int> class TArrayType; } }namespace ROOT { namespace Internal { template <typename T> class TArrayProxy; } }namespace ROOT { namespace Internal { template <typename T> class TClaImpProxy; } }namespace ROOT { namespace Internal { template <typename T> class TClaArrayProxy; } }namespace ROOT { namespace Internal { namespace TDF {  } } }namespace ROOT { namespace Detail { namespace TDF {  } } }namespace ROOT { namespace Experimental { namespace TDF {  } } }namespace ROOT { namespace Detail { namespace TDF { class TFilterBase; } } }namespace ROOT { namespace Detail { namespace TDF { class TCustomColumnBase; } } }namespace ROOT { namespace Experimental {  } }class TProofDrawListOfGraphs;class TProofDrawListOfPolyMarkers3D;namespace RooStats { namespace HistFactory {  } }class RooAbsCacheElement;template <typename T> class RooCacheManager;namespace ROOT { namespace Math { class IParametricGradFunctionOneDim; } }namespace ROOT { namespace Math { namespace Roots {  } } }namespace ROOT { namespace Math { class GSLQRngSobol; } }namespace ROOT { namespace Math { class GSLQRngNiederreiter2; } }namespace ROOT { namespace Math { class GSLRngMT; } }namespace ROOT { namespace Math { class GSLRngTaus; } }namespace ROOT { namespace Math { class GSLRngRanLux; } }namespace ROOT { namespace Math { class GSLRngGFSR4; } }namespace ROOT { namespace Math { class GSLRngRanLuxD2; } }namespace ROOT { namespace Math { class GSLRngRanLuxD1; } }namespace ROOT { namespace Math { class GSLRngRanLuxS2; } }namespace ROOT { namespace Math { class GSLRngRanLuxS1; } }template <typename T> class TNDArrayRef;template <typename T> class TNDArrayT;template <typename T> class THnT;class TArrayD;class TArrayF;class TArrayL;class TArrayI;class TArrayS;class TArrayC;namespace ROOT { namespace Math { template <typename T> class WrappedMultiTF1Templ; } }namespace ROOT { namespace v5 {  } }template <typename VO, typename VI> class RooCFunction1Ref;template <typename VO, typename VI> class RooCFunction1Binding;template <typename VO, typename VI> class RooCFunction1PdfBinding;template <typename VO, typename VI1, typename VI2> class RooCFunction2Ref;template <typename VO, typename VI1, typename VI2> class RooCFunction2Binding;template <typename VO, typename VI1, typename VI2> class RooCFunction2PdfBinding;template <typename VO, typename VI1, typename VI2, typename VI3> class RooCFunction3Ref;template <typename VO, typename VI1, typename VI2, typename VI3> class RooCFunction3Binding;template <typename VO, typename VI1, typename VI2, typename VI3> class RooCFunction3PdfBinding;template <typename VO, typename VI1, typename VI2, typename VI3, typename VI4> class RooCFunction4Ref;template <typename VO, typename VI1, typename VI2, typename VI3, typename VI4> class RooCFunction4Binding;template <typename VO, typename VI1, typename VI2, typename VI3, typename VI4> class RooCFunction4PdfBinding;namespace ROOT { namespace Math { template <typename CoordSystem, typename Tag> class DisplacementVector2D; } }namespace ROOT { namespace Math { template <typename CoordSystem, typename Tag> class PositionVector2D; } }namespace ROOT { namespace Math { template <typename CoordSystem> class LorentzVector; } }namespace ROOT { namespace Math { template <typename ScalarType> class PtEtaPhiM4D; } }namespace ROOT { namespace Math { template <typename ScalarType> class PxPyPzM4D; } }namespace ROOT { namespace Math { template <typename ScalarType> class PtEtaPhiE4D; } }namespace ROOT { namespace Math { namespace Impl {  } } }namespace ROOT { namespace Math { namespace Impl { template <typename T> class Plane3D; } } }namespace ROOT { namespace Math { namespace Impl { template <typename T> class Translation3D; } } }namespace ROOT { namespace Math { namespace Impl { template <typename T> class Transform3D; } } }namespace RooStats {  }namespace TStreamerInfoActions {  }namespace ROOT { namespace Minuit2 {  } }namespace Memstat {  }' were encountered.
[13'00'45]  WARN     DecayModes     : Branching ratios of 52 hadrons were renormalized by more than 1% to have sum 1.
###############################################################################

            :::s.
       ....  ''ss::                                                  ah:
     a::''.   ..:sss                                                .HH.
   mss'..     ...s'm.   sSA##As  mAhh##hsh##s.   .hA##ASa  sS###As  hMAh##h.
  :a':'.      .'':as   sM#'     .HHm''HMS''AMs  mMA' .AMs aMA.     'HHa..HM:
  .a:s'.    ..''ss     'h#H#S.  mMm  'M#' .HH. 'MH.  :MA  'h#H#S.  hMm  :M#
   .::ss'.  ....          'SMm .HH.  SMa  hMm  sM#..mHMs     'AMa 'MH.  SMa
      .s::'           #SMASHh  aMS  .MH:  HM:   #MMMmMM. #SMASHh  aMS  .MM.

###############################################################################
 This is SMASH version: SMASH-1.6
 Simulating Many Accelerated Strongly-interacting Hadrons

 Distributed under the GNU General Public License 3.0 (GPLv3 or later).
 See LICENSE for details.
 For the full list of contributors see AUTHORS.

 When using SMASH, please cite
      J. Weil et al., Phys.Rev. C94 (2016) no.5, 054905
 and in addition, if Pythia is used please cite
      T. Sjöstrand, S. Mrenna and P. Skands, JHEP05 (2006) 026,
              Comput. Phys. Comm. 178 (2008) 852.

 Webpage: https://smash-transport.github.io

 Report issues at https://github.com/smash-transport/smash
 or contact us by email at elfner@th.physik.uni-frankfurt.de

###############################################################################

[13'00'45]  INFO     Experiment     : End time: 100 fm/c
                                      -- Collider Modus:
                                      sqrt(S) (nucleus-nucleus) = 1516.9 GeV
                                      sqrt(S) (nucleon-nucleon) = 7.7 GeV
                                      Projectile:
                                        #particles   #testparticles   mass [GeV]   radius [fm]  diffusiveness [fm]
                                               197              197      184.786          6.38               0.535
                                      Target:
                                        #particles   #testparticles   mass [GeV]   radius [fm]  diffusiveness [fm]
                                               197              197      184.786          6.38               0.535
[13'00'45]  INFO     Experiment     : Adding output Particles of format Root
[13'00'45]  WARN       Output       : Creating Root output: There is no extended Root format.
[13'00'46]  INFO     Experiment     : Potentials are ON. Timestep is 0.01
[13'00'46]  INFO        Main        : Event 0
[13'00'46]  INFO     Experiment     : random number seed: 851896
[13'00'46]  INFO      Collider      : Impact parameter = 10.681 fm
[13'00'46]  INFO      Collider      : Fermi motion is ON.
[13'00'46]  INFO     Experiment     : -------------------------------------------------------------------
[13'00'46]  INFO     Experiment     : Time [fm]   Ediff [GeV]    Scatt.|Decays   Particles         Timing
[13'00'46]  INFO     Experiment     : -------------------------------------------------------------------
[13'00'46]  INFO     Experiment     :    -2.062         0.000                0         394      1.097 [s]
[13'00'47]  INFO     Experiment     :     0.000        -0.331                0         394      2.560 [s]
 PYTHIA Warning in JunctionSplitting::CheckColours: not-a-number energy/momentum/mass  
 PYTHIA Error in HadronLevel::next: failed colour/junction check  
 PYTHIA Error in Pythia::forceHadronLevel: hadronLevel failed; try again  
 PYTHIA Abort from Pythia::forceHadronLevel: hadronLevel failed; giving up  
[13'01'35]  INFO     Experiment     :    10.000        -4.243              253         490     50.608 [s]
[13'01'43]  INFO     Experiment     :    20.000        -7.154              103         512     58.565 [s]
[13'01'51]  INFO     Experiment     :    30.000        -8.183               48         519     66.531 [s]
[13'01'59]  INFO     Experiment     :    40.000        -7.213               25         521     74.422 [s]
[13'02'07]  INFO     Experiment     :    50.000        -7.037               16         523     82.152 [s]
[13'02'14]  INFO     Experiment     :    60.000        -6.889                5         524     89.723 [s]
[13'02'22]  INFO     Experiment     :    70.000        -6.269                1         524     97.167 [s]
[13'02'29]  INFO     Experiment     :    80.000        -5.291                3         522    104.490 [s]
[13'02'36]  INFO     Experiment     :    90.000        -4.832                4         523    111.710 [s]
[13'02'43]  INFO     Experiment     :   100.000        -4.525                2         525    118.841 [s]
[13'02'43]  INFO     Experiment     : -------------------------------------------------------------------
[13'02'43]  INFO     Experiment     : Time real: 118.842 [s]
[13'02'43]  INFO     Experiment     : Final interaction number: 460
[13'02'43]  INFO        Main        : Event 1
[13'02'43]  INFO     Experiment     : random number seed: 5724123448675814835
[13'02'43]  INFO      Collider      : Impact parameter = 6.67352 fm
[13'02'43]  INFO      Collider      : Fermi motion is ON.
[13'02'43]  INFO     Experiment     : -------------------------------------------------------------------
[13'02'43]  INFO     Experiment     : Time [fm]   Ediff [GeV]    Scatt.|Decays   Particles         Timing
[13'02'43]  INFO     Experiment     : -------------------------------------------------------------------
[13'02'43]  INFO     Experiment     :    -2.062         0.000                0         394    118.843 [s]
[13'02'45]  INFO     Experiment     :     0.000        -0.456                0         394    120.304 [s]
 PYTHIA Error in MiniStringFragmentation::fragment: no 1- or 2-body state found above mass threshold  
[13'03'06]  INFO     Experiment     :    10.000       -13.701             1287         700    141.400 [s]
[13'03'16]  INFO     Experiment     :    20.000       -14.683              625         804    151.821 [s]
[13'03'27]  INFO     Experiment     :    30.000       -15.428              209         836    162.212 [s]
[13'03'37]  INFO     Experiment     :    40.000       -15.510               99         852    172.500 [s]
[13'03'47]  INFO     Experiment     :    50.000       -14.484               50         858    182.566 [s]
[13'03'57]  INFO     Experiment     :    60.000       -13.516               42         866    192.556 [s]
[13'04'07]  INFO     Experiment     :    70.000       -12.818               26         875    202.490 [s]
[13'04'17]  INFO     Experiment     :    80.000       -12.434               10         877    212.366 [s]
[13'04'27]  INFO     Experiment     :    90.000       -12.101               11         876    222.177 [s]
[13'04'37]  INFO     Experiment     :   100.000       -11.345               18         888    231.963 [s]
[13'04'37]  INFO     Experiment     : -------------------------------------------------------------------
[13'04'37]  INFO     Experiment     : Time real: 231.963 [s]
[13'04'37]  INFO     Experiment     : Final interaction number: 2377
[13'04'37]  INFO        Main        : Event 2
[13'04'37]  INFO     Experiment     : random number seed: 3347376542648036424
[13'04'37]  INFO      Collider      : Impact parameter = 2.24537 fm
[13'04'37]  INFO      Collider      : Fermi motion is ON.
[13'04'37]  INFO     Experiment     : -------------------------------------------------------------------
[13'04'37]  INFO     Experiment     : Time [fm]   Ediff [GeV]    Scatt.|Decays   Particles         Timing
[13'04'37]  INFO     Experiment     : -------------------------------------------------------------------
[13'04'37]  INFO     Experiment     :    -2.062         0.000                0         394    231.964 [s]
[13'04'38]  INFO     Experiment     :     0.000         0.124                0         394    233.435 [s]
[13'04'53]  INFO     Experiment     :    10.000       -42.092             2484        1017    248.825 [s]
[13'05'06]  INFO     Experiment     :    20.000       -39.573             1264        1232    261.397 [s]
[13'05'19]  INFO     Experiment     :    30.000       -38.653              349        1328    274.833 [s]
[13'05'32]  INFO     Experiment     :    40.000       -37.873              119        1353    287.557 [s]
[13'05'45]  INFO     Experiment     :    50.000       -37.451               52        1375    300.320 [s]
[13'05'58]  INFO     Experiment     :    60.000       -37.295               22        1383    313.031 [s]
[13'06'10]  INFO     Experiment     :    70.000       -37.134                9        1390    325.694 [s]
[13'06'23]  INFO     Experiment     :    80.000       -36.993                8        1392    338.313 [s]
[13'06'36]  INFO     Experiment     :    90.000       -36.982                6        1395    350.974 [s]
[13'06'48]  INFO     Experiment     :   100.000       -37.027                8        1401    363.640 [s]
[13'06'48]  INFO     Experiment     : -------------------------------------------------------------------
[13'06'48]  INFO     Experiment     : Time real: 363.64 [s]
[13'06'48]  INFO     Experiment     : Final interaction number: 4321
[13'06'48]  INFO        Main        : Event 3
[13'06'48]  INFO     Experiment     : random number seed: 6992893160734051274
[13'06'48]  INFO      Collider      : Impact parameter = 16.7348 fm
[13'06'48]  INFO      Collider      : Fermi motion is ON.
[13'06'48]  INFO     Experiment     : -------------------------------------------------------------------
[13'06'48]  INFO     Experiment     : Time [fm]   Ediff [GeV]    Scatt.|Decays   Particles         Timing
[13'06'48]  INFO     Experiment     : -------------------------------------------------------------------
[13'06'48]  INFO     Experiment     :    -2.062         0.000                0         394    363.685 [s]
[13'06'50]  INFO     Experiment     :     0.000        -0.066                0         394    365.122 [s]
[13'06'57]  INFO     Experiment     :    10.000        -1.799                0         394    372.087 [s]
[13'07'04]  INFO     Experiment     :    20.000        -4.686                0         394    379.008 [s]
[13'07'10]  INFO     Experiment     :    30.000        -6.802                0         394    385.846 [s]
[13'07'17]  INFO     Experiment     :    40.000        -7.307                0         394    392.583 [s]
[13'07'24]  INFO     Experiment     :    50.000        -6.883                0         394    399.197 [s]
[13'07'30]  INFO     Experiment     :    60.000        -6.135                0         394    405.712 [s]
[13'07'37]  INFO     Experiment     :    70.000        -5.092                0         394    412.142 [s]
[13'07'43]  INFO     Experiment     :    80.000        -3.875                0         394    418.463 [s]
[13'07'49]  INFO     Experiment     :    90.000        -3.011                0         394    424.682 [s]
[13'07'55]  INFO     Experiment     :   100.000        -2.504                0         394    430.819 [s]
[13'07'55]  INFO     Experiment     : -------------------------------------------------------------------
[13'07'55]  INFO     Experiment     : Time real: 430.82 [s]
[13'07'55]  INFO     Experiment     : Final interaction number: 0
[13'07'55]  INFO        Main        : Event 4
[13'07'55]  INFO     Experiment     : random number seed: 7506939271604038276
[13'07'55]  INFO      Collider      : Impact parameter = 16.9108 fm
[13'07'55]  INFO      Collider      : Fermi motion is ON.
[13'07'55]  INFO     Experiment     : -------------------------------------------------------------------
[13'07'55]  INFO     Experiment     : Time [fm]   Ediff [GeV]    Scatt.|Decays   Particles         Timing
[13'07'55]  INFO     Experiment     : -------------------------------------------------------------------
[13'07'55]  INFO     Experiment     :    -2.062         0.000                0         394    430.820 [s]
[13'07'57]  INFO     Experiment     :     0.000        -0.065                0         394    432.287 [s]
[13'08'04]  INFO     Experiment     :    10.000        -3.018                0         394    439.435 [s]
[13'08'11]  INFO     Experiment     :    20.000        -6.210                0         394    446.617 [s]
[13'08'18]  INFO     Experiment     :    30.000        -7.566                0         394    453.695 [s]
[13'08'25]  INFO     Experiment     :    40.000        -8.013                0         394    460.682 [s]
[13'08'32]  INFO     Experiment     :    50.000        -8.845                0         394    467.525 [s]
[13'08'39]  INFO     Experiment     :    60.000        -9.928                0         394    474.219 [s]
[13'08'45]  INFO     Experiment     :    70.000       -10.316                0         394    480.784 [s]
[13'08'52]  INFO     Experiment     :    80.000       -10.087                0         394    487.231 [s]
[13'08'58]  INFO     Experiment     :    90.000        -9.771                0         394    493.572 [s]
[13'09'04]  INFO     Experiment     :   100.000        -9.553                0         394    499.812 [s]
[13'09'04]  INFO     Experiment     : -------------------------------------------------------------------
[13'09'04]  INFO     Experiment     : Time real: 499.812 [s]
[13'09'04]  INFO     Experiment     : Final interaction number: 0
[13'09'04]  INFO        Main        : Event 5
[13'09'04]  INFO     Experiment     : random number seed: 4500478742382733031
[13'09'05]  INFO      Collider      : Impact parameter = 15.6625 fm
[13'09'05]  INFO      Collider      : Fermi motion is ON.
[13'09'05]  INFO     Experiment     : -------------------------------------------------------------------
[13'09'05]  INFO     Experiment     : Time [fm]   Ediff [GeV]    Scatt.|Decays   Particles         Timing
[13'09'05]  INFO     Experiment     : -------------------------------------------------------------------
[13'09'05]  INFO     Experiment     :    -2.062         0.000                0         394    500.680 [s]
[13'09'07]  INFO     Experiment     :     0.000        -0.091                0         394    502.178 [s]
[13'09'14]  INFO     Experiment     :    10.000        -4.243                0         394    509.753 [s]
[13'09'22]  INFO     Experiment     :    20.000        -8.463                0         394    517.194 [s]
[13'09'29]  INFO     Experiment     :    30.000       -10.101                0         394    524.649 [s]
[13'09'36]  INFO     Experiment     :    40.000        -9.528                0         394    531.651 [s]
[13'09'43]  INFO     Experiment     :    50.000        -9.528                0         394    538.482 [s]
[13'09'50]  INFO     Experiment     :    60.000       -10.172                0         394    545.165 [s]
[13'09'56]  INFO     Experiment     :    70.000       -10.322                0         394    551.683 [s]
[13'10'03]  INFO     Experiment     :    80.000        -9.929                0         394    558.059 [s]
[13'10'09]  INFO     Experiment     :    90.000        -9.195                0         394    564.309 [s]
[13'10'15]  INFO     Experiment     :   100.000        -8.517                0         394    570.459 [s]
[13'10'15]  INFO     Experiment     : -------------------------------------------------------------------
[13'10'15]  INFO     Experiment     : Time real: 570.459 [s]
[13'10'15]  INFO     Experiment     : Final interaction number: 0
[13'10'15]  INFO        Main        : Event 6
[13'10'15]  INFO     Experiment     : random number seed: 2810013474961039323
[13'10'15]  INFO      Collider      : Impact parameter = 16.326 fm
[13'10'15]  INFO      Collider      : Fermi motion is ON.
[13'10'15]  INFO     Experiment     : -------------------------------------------------------------------
[13'10'15]  INFO     Experiment     : Time [fm]   Ediff [GeV]    Scatt.|Decays   Particles         Timing
[13'10'15]  INFO     Experiment     : -------------------------------------------------------------------
[13'10'15]  INFO     Experiment     :    -2.062         0.000                0         394    570.599 [s]
[13'10'17]  INFO     Experiment     :     0.000        -0.189                0         394    572.070 [s]
[13'10'24]  INFO     Experiment     :    10.000        -3.118                0         394    579.187 [s]
[13'10'31]  INFO     Experiment     :    20.000        -7.451                0         394    586.255 [s]
[13'10'38]  INFO     Experiment     :    30.000       -10.890                0         394    593.201 [s]
[13'10'45]  INFO     Experiment     :    40.000       -12.013                0         394     10.000 [min]
[13'10'51]  INFO     Experiment     :    50.000       -11.574                0         394     10.111 [min]
[13'10'58]  INFO     Experiment     :    60.000       -10.974                0         394     10.220 [min]
[13'11'04]  INFO     Experiment     :    70.000       -10.638                0         394     10.326 [min]
[13'11'10]  INFO     Experiment     :    80.000        -9.928                0         394     10.431 [min]
[13'11'17]  INFO     Experiment     :    90.000        -9.355                0         394     10.533 [min]
[13'11'23]  INFO     Experiment     :   100.000        -8.751                0         394     10.634 [min]
[13'11'23]  INFO     Experiment     : -------------------------------------------------------------------
[13'11'23]  INFO     Experiment     : Time real: 10.6344 [min]
[13'11'23]  INFO     Experiment     : Final interaction number: 0
[13'11'23]  INFO        Main        : Event 7
[13'11'23]  INFO     Experiment     : random number seed: 220747646958352279
[13'11'23]  INFO      Collider      : Impact parameter = 4.93919 fm
[13'11'23]  INFO      Collider      : Fermi motion is ON.
[13'11'23]  INFO     Experiment     : -------------------------------------------------------------------
[13'11'23]  INFO     Experiment     : Time [fm]   Ediff [GeV]    Scatt.|Decays   Particles         Timing
[13'11'23]  INFO     Experiment     : -------------------------------------------------------------------
[13'11'23]  INFO     Experiment     :    -2.062         0.000                0         394     10.634 [min]
[13'11'24]  INFO     Experiment     :     0.000        -0.356                0         394     10.659 [min]
[13'11'38]  INFO     Experiment     :    10.000       -31.989             1699         829     10.893 [min]
[13'11'50]  INFO     Experiment     :    20.000       -34.800              843         994     11.087 [min]
[13'12'02]  INFO     Experiment     :    30.000       -34.267              259        1032     11.285 [min]
[13'12'13]  INFO     Experiment     :    40.000       -32.970               99        1059     11.480 [min]
[13'12'25]  INFO     Experiment     :    50.000       -32.321               34        1063     11.666 [min]
[13'12'36]  INFO     Experiment     :    60.000       -31.649               15        1073     11.850 [min]
[13'12'47]  INFO     Experiment     :    70.000       -31.023               11        1076     12.034 [min]
[13'12'58]  INFO     Experiment     :    80.000       -30.565                9        1081     12.216 [min]
[13'13'09]  INFO     Experiment     :    90.000       -30.300                6        1084     12.400 [min]
[13'13'20]  INFO     Experiment     :   100.000       -30.233               15        1097     12.582 [min]
[13'13'20]  INFO     Experiment     : -------------------------------------------------------------------
[13'13'20]  INFO     Experiment     : Time real: 12.5819 [min]
[13'13'20]  INFO     Experiment     : Final interaction number: 2990
[13'13'20]  INFO        Main        : Event 8
[13'13'20]  INFO     Experiment     : random number seed: 4383086991753012265
[13'13'20]  INFO      Collider      : Impact parameter = 10.4288 fm
[13'13'20]  INFO      Collider      : Fermi motion is ON.
[13'13'20]  INFO     Experiment     : -------------------------------------------------------------------
[13'13'20]  INFO     Experiment     : Time [fm]   Ediff [GeV]    Scatt.|Decays   Particles         Timing
[13'13'20]  INFO     Experiment     : -------------------------------------------------------------------
[13'13'20]  INFO     Experiment     :    -2.062         0.000                0         394     12.582 [min]
[13'13'21]  INFO     Experiment     :     0.000        -0.063                0         394     12.606 [min]
[13'13'29]  INFO     Experiment     :    10.000        -1.137              225         479     12.743 [min]
[13'13'37]  INFO     Experiment     :    20.000        -4.568              141         497     12.879 [min]
[13'13'45]  INFO     Experiment     :    30.000        -5.555               71         497     13.014 [min]
[13'13'53]  INFO     Experiment     :    40.000        -6.082               50         507     13.146 [min]
[13'14'01]  INFO     Experiment     :    50.000        -5.016               19         508     13.275 [min]
[13'14'09]  INFO     Experiment     :    60.000        -4.107                7         506     13.401 [min]
[13'14'16]  INFO     Experiment     :    70.000        -3.118               14         508     13.524 [min]
[13'14'23]  INFO     Experiment     :    80.000        -1.619                7         508     13.645 [min]
[13'14'31]  INFO     Experiment     :    90.000        -0.249                4         511     13.765 [min]
[13'14'38]  INFO     Experiment     :   100.000         0.596                8         515     13.883 [min]
[13'14'38]  INFO     Experiment     : -------------------------------------------------------------------
[13'14'38]  INFO     Experiment     : Time real: 13.8826 [min]
[13'14'38]  INFO     Experiment     : Final interaction number: 546
[13'14'38]  INFO        Main        : Event 9
[13'14'38]  INFO     Experiment     : random number seed: 441639157357345775
[13'14'38]  INFO      Collider      : Impact parameter = 14.8879 fm
[13'14'38]  INFO      Collider      : Fermi motion is ON.
[13'14'38]  INFO     Experiment     : -------------------------------------------------------------------
[13'14'38]  INFO     Experiment     : Time [fm]   Ediff [GeV]    Scatt.|Decays   Particles         Timing
[13'14'38]  INFO     Experiment     : -------------------------------------------------------------------
[13'14'38]  INFO     Experiment     :    -2.062         0.000                0         394     13.883 [min]
[13'14'39]  INFO     Experiment     :     0.000         0.014                0         394     13.907 [min]
[13'14'46]  INFO     Experiment     :    10.000        -3.353                0         394     14.029 [min]
[13'14'54]  INFO     Experiment     :    20.000        -7.820                0         394     14.148 [min]
[13'15'01]  INFO     Experiment     :    30.000       -10.101                0         394     14.266 [min]
[13'15'07]  INFO     Experiment     :    40.000       -10.371                0         394     14.381 [min]
[13'15'14]  INFO     Experiment     :    50.000        -9.964                0         394     14.493 [min]
[13'15'21]  INFO     Experiment     :    60.000        -9.578                0         394     14.604 [min]
[13'15'27]  INFO     Experiment     :    70.000        -9.432                0         394     14.712 [min]
[13'15'34]  INFO     Experiment     :    80.000        -8.856                0         394     14.818 [min]
[13'15'40]  INFO     Experiment     :    90.000        -8.676                0         394     14.921 [min]
[13'15'46]  INFO     Experiment     :   100.000        -8.789                0         394     15.023 [min]
[13'15'46]  INFO     Experiment     : -------------------------------------------------------------------
[13'15'46]  INFO     Experiment     : Time real: 15.0233 [min]
[13'15'46]  INFO     Experiment     : Final interaction number: 0
[13'15'46]  INFO        Main        : Event 10
[13'15'46]  INFO     Experiment     : random number seed: 6699638328958664116
[13'15'46]  INFO      Collider      : Impact parameter = 9.97938 fm
[13'15'46]  INFO      Collider      : Fermi motion is ON.
[13'15'46]  INFO     Experiment     : -------------------------------------------------------------------
[13'15'46]  INFO     Experiment     : Time [fm]   Ediff [GeV]    Scatt.|Decays   Particles         Timing
[13'15'46]  INFO     Experiment     : -------------------------------------------------------------------
[13'15'46]  INFO     Experiment     :    -2.062         0.000                0         394     15.023 [min]
[13'15'47]  INFO     Experiment     :     0.000        -0.300                0         394     15.047 [min]
[13'15'51] FATAL         Fpe        : Floating point trap was raised: Invalid (domain error occurred)
stack trace:
  /lib/x86_64-linux-gnu/libpthread.so.0 : ()+0xf890
  /lib/x86_64-linux-gnu/libm.so.6 : ()+0x15543
  /lib/x86_64-linux-gnu/libm.so.6 : pow()+0x1c
  /lustre/nyx/hades/user/parfenov/Soft/Models/SMASH/smash/build/smash : smash::Potentials::skyrme_force(double, smash::ThreeVector, smash::ThreeVector, smash::ThreeVector) const+0x36
  /lustre/nyx/hades/user/parfenov/Soft/Models/SMASH/smash/build/smash : smash::Potentials::all_forces(smash::ThreeVector const&, std::vector<smash::ParticleData, std::allocator<smash::ParticleData> > const&) const+0x244
  /lustre/nyx/hades/user/parfenov/Soft/Models/SMASH/smash/build/smash : smash::update_momenta(smash::Particles*, double, smash::Potentials const&, smash::RectangularLattice<std::pair<smash::ThreeVector, smash::ThreeVector> >*, smash::RectangularLattice<std::pair<smash::ThreeVector, smash::ThreeVector> >*)+0x5fb
  /lustre/nyx/hades/user/parfenov/Soft/Models/SMASH/smash/build/smash : smash::Experiment<smash::ColliderModus>::run_time_evolution()+0x396
  /lustre/nyx/hades/user/parfenov/Soft/Models/SMASH/smash/build/smash : smash::Experiment<smash::ColliderModus>::run()+0x191
  /lustre/nyx/hades/user/parfenov/Soft/Models/SMASH/smash/build/smash : main()+0x1952
  /lib/x86_64-linux-gnu/libc.so.6 : __libc_start_main()+0xf5
  /lustre/nyx/hades/user/parfenov/Soft/Models/SMASH/smash/build/smash() [0x44a997]
